Running: /opt/Xilinx/14.7/ISE_DS/ISE/bin/lin64/unwrapped/fuse -intstyle ise -incremental -o /home/ise/Xilinx_ISE/rotate/rotate_tb_isim_beh.exe -prj /home/ise/Xilinx_ISE/rotate/rotate_tb_beh.prj work.rotate_tb 
ISim P.20131013 (signature 0xfbc00daa)
Number of CPUs detected in this system: 1
Turning on mult-threading, number of parallel sub-compilation jobs: 0 
Determining compilation order of HDL files
Parsing VHDL file "/home/ise/Xilinx_ISE/rotate/rotate.vhd" into library work
Parsing VHDL file "/home/ise/Xilinx_ISE/rotate/rotate_tb.vhd" into library work
Starting static elaboration
Completed static elaboration
Fuse Memory Usage: 98400 KB
Fuse CPU Usage: 1450 ms
Compiling package standard
Compiling package std_logic_1164
Compiling package std_logic_arith
Compiling package std_logic_unsigned
Compiling package numeric_std
Compiling architecture behavioral of entity rotate [\rotate(30,1)\]
Compiling architecture behavior of entity rotate_tb
Time Resolution for simulation is 1ps.
Compiled 8 VHDL Units
Built simulation executable /home/ise/Xilinx_ISE/rotate/rotate_tb_isim_beh.exe
Fuse Memory Usage: 117064 KB
Fuse CPU Usage: 1780 ms
GCC CPU Usage: 3980 ms
